<?xml version="1.0" encoding="UTF-8" ?>
<testsuite tests="5" failures="0" name="com.google.devrel.training.conference.domain.ConferenceTest" time="2.046" errors="0" skipped="0">
  <properties>
[...]
</properties>
  <testcase classname="com.google.devrel.training.conference.domain.ConferenceTest" name="testBookSeats" time="1.058"/>
  <testcase classname="com.google.devrel.training.conference.domain.ConferenceTest" name="testNullName" time="0"/>
  <testcase classname="com.google.devrel.training.conference.domain.ConferenceTest" name="testConference" time="0.019"/>
  <testcase classname="com.google.devrel.training.conference.domain.ConferenceTest" name="testGetOrganizerDisplayName" time="0.953"/>
  <testcase classname="com.google.devrel.training.conference.domain.ConferenceTest" name="testBookSeatsFailure" time="0.016"/>
</testsuite>